<?xml version="1.0" encoding="UTF-8"?>
<!-- Generated by org.testng.reporters.JUnitXMLReporter -->
<testsuite ignored="0" hostname="DESKTOP-3MH14JB" failures="0" tests="7" name="Test" time="56.747" errors="0" timestamp="2023-01-19T14:37:57 IST">
  <testcase classname="testCases.AddToCardPrizeCompare" name="Addtocard" time="1.697"/>
  <testcase classname="testCases.ItemAdd" name="selectspecification" time="4.329"/>
  <testcase classname="testCases.DevicesAvaibilityChek" name="devicechek" time="8.089"/>
  <testcase classname="testCases.RegisterTestcase" name="register" time="3.916"/>
  <testcase classname="testCases.LoginTestCase" name="EnterValues" time="3.354"/>
  <testcase classname="testCases.LoginTestCase" name="EnterValues" time="3.322"/>
  <testcase classname="testCases.LoginTestCase" name="EnterValues" time="3.374"/>
</testsuite> <!-- Test -->
