<?xml version="1.0" encoding="UTF-8"?>
<testng-results ignored="0" total="7" passed="7" failed="0" skipped="0">
  <reporter-output>
  </reporter-output>
  <suite started-at="2023-01-19T14:37:01 IST" name="Suite" finished-at="2023-01-19T14:37:57 IST" duration-ms="56747">
    <groups>
    </groups>
    <test started-at="2023-01-19T14:37:01 IST" name="Test" finished-at="2023-01-19T14:37:57 IST" duration-ms="56747">
      <class name="testCases.DevicesAvaibilityChek">
        <test-method is-config="true" signature="launch()[pri:0, instance:testCases.DevicesAvaibilityChek@66f57048]" started-at="2023-01-19T14:37:19 IST" name="launch" finished-at="2023-01-19T14:37:22 IST" duration-ms="3492" status="PASS">
          <reporter-output>
          </reporter-output>
        </test-method> <!-- launch -->
        <test-method signature="devicechek()[pri:0, instance:testCases.DevicesAvaibilityChek@66f57048]" started-at="2023-01-19T14:37:22 IST" name="devicechek" finished-at="2023-01-19T14:37:31 IST" duration-ms="8089" status="PASS">
          <reporter-output>
          </reporter-output>
        </test-method> <!-- devicechek -->
        <test-method is-config="true" signature="closebrowser()[pri:0, instance:testCases.DevicesAvaibilityChek@66f57048]" started-at="2023-01-19T14:37:31 IST" name="closebrowser" finished-at="2023-01-19T14:37:31 IST" duration-ms="293" status="PASS">
          <reporter-output>
          </reporter-output>
        </test-method> <!-- closebrowser -->
      </class> <!-- testCases.DevicesAvaibilityChek -->
      <class name="testCases.ItemAdd">
        <test-method is-config="true" signature="launch()[pri:0, instance:testCases.ItemAdd@4dbb42b7]" started-at="2023-01-19T14:37:12 IST" name="launch" finished-at="2023-01-19T14:37:14 IST" duration-ms="2573" status="PASS">
          <reporter-output>
          </reporter-output>
        </test-method> <!-- launch -->
        <test-method signature="selectspecification()[pri:0, instance:testCases.ItemAdd@4dbb42b7]" started-at="2023-01-19T14:37:14 IST" name="selectspecification" finished-at="2023-01-19T14:37:19 IST" duration-ms="4329" status="PASS">
          <reporter-output>
          </reporter-output>
        </test-method> <!-- selectspecification -->
        <test-method is-config="true" signature="closebrowser()[pri:0, instance:testCases.ItemAdd@4dbb42b7]" started-at="2023-01-19T14:37:19 IST" name="closebrowser" finished-at="2023-01-19T14:37:19 IST" duration-ms="268" status="PASS">
          <reporter-output>
          </reporter-output>
        </test-method> <!-- closebrowser -->
      </class> <!-- testCases.ItemAdd -->
      <class name="testCases.AddToCardPrizeCompare">
        <test-method is-config="true" signature="launch()[pri:0, instance:testCases.AddToCardPrizeCompare@22ef9844]" started-at="2023-01-19T14:37:01 IST" name="launch" finished-at="2023-01-19T14:37:10 IST" duration-ms="9161" status="PASS">
          <reporter-output>
          </reporter-output>
        </test-method> <!-- launch -->
        <test-method signature="Addtocard()[pri:0, instance:testCases.AddToCardPrizeCompare@22ef9844]" started-at="2023-01-19T14:37:10 IST" name="Addtocard" finished-at="2023-01-19T14:37:12 IST" duration-ms="1697" status="PASS">
          <reporter-output>
          </reporter-output>
        </test-method> <!-- Addtocard -->
        <test-method is-config="true" signature="closebrowser()[pri:0, instance:testCases.AddToCardPrizeCompare@22ef9844]" started-at="2023-01-19T14:37:12 IST" name="closebrowser" finished-at="2023-01-19T14:37:12 IST" duration-ms="270" status="PASS">
          <reporter-output>
          </reporter-output>
        </test-method> <!-- closebrowser -->
      </class> <!-- testCases.AddToCardPrizeCompare -->
      <class name="testCases.LoginTestCase">
        <test-method is-config="true" signature="launch()[pri:0, instance:testCases.LoginTestCase@21282ed8]" started-at="2023-01-19T14:37:38 IST" name="launch" finished-at="2023-01-19T14:37:41 IST" duration-ms="2767" status="PASS">
          <reporter-output>
          </reporter-output>
        </test-method> <!-- launch -->
        <test-method signature="EnterValues(java.lang.String,java.lang.String)[pri:0, instance:testCases.LoginTestCase@21282ed8]" started-at="2023-01-19T14:37:41 IST" name="EnterValues" data-provider="parameters" finished-at="2023-01-19T14:37:44 IST" duration-ms="3354" status="PASS">
          <params>
            <param index="0">
              <value>
                <![CDATA[omganesh@gmail.com]]>
              </value>
            </param>
            <param index="1">
              <value>
                <![CDATA[0000111111]]>
              </value>
            </param>
          </params>
          <reporter-output>
          </reporter-output>
        </test-method> <!-- EnterValues -->
        <test-method is-config="true" signature="closebrowser()[pri:0, instance:testCases.LoginTestCase@21282ed8]" started-at="2023-01-19T14:37:44 IST" name="closebrowser" finished-at="2023-01-19T14:37:44 IST" duration-ms="251" status="PASS">
          <reporter-output>
          </reporter-output>
        </test-method> <!-- closebrowser -->
        <test-method is-config="true" signature="launch()[pri:0, instance:testCases.LoginTestCase@21282ed8]" started-at="2023-01-19T14:37:44 IST" name="launch" finished-at="2023-01-19T14:37:47 IST" duration-ms="2661" status="PASS">
          <reporter-output>
          </reporter-output>
        </test-method> <!-- launch -->
        <test-method signature="EnterValues(java.lang.String,java.lang.String)[pri:0, instance:testCases.LoginTestCase@21282ed8]" started-at="2023-01-19T14:37:47 IST" name="EnterValues" data-provider="parameters" finished-at="2023-01-19T14:37:50 IST" duration-ms="3322" status="PASS">
          <params>
            <param index="0">
              <value>
                <![CDATA[kmg@gmail.com]]>
              </value>
            </param>
            <param index="1">
              <value>
                <![CDATA[1111111111]]>
              </value>
            </param>
          </params>
          <reporter-output>
          </reporter-output>
        </test-method> <!-- EnterValues -->
        <test-method is-config="true" signature="closebrowser()[pri:0, instance:testCases.LoginTestCase@21282ed8]" started-at="2023-01-19T14:37:50 IST" name="closebrowser" finished-at="2023-01-19T14:37:51 IST" duration-ms="311" status="PASS">
          <reporter-output>
          </reporter-output>
        </test-method> <!-- closebrowser -->
        <test-method is-config="true" signature="launch()[pri:0, instance:testCases.LoginTestCase@21282ed8]" started-at="2023-01-19T14:37:51 IST" name="launch" finished-at="2023-01-19T14:37:54 IST" duration-ms="2782" status="PASS">
          <reporter-output>
          </reporter-output>
        </test-method> <!-- launch -->
        <test-method signature="EnterValues(java.lang.String,java.lang.String)[pri:0, instance:testCases.LoginTestCase@21282ed8]" started-at="2023-01-19T14:37:54 IST" name="EnterValues" data-provider="parameters" finished-at="2023-01-19T14:37:57 IST" duration-ms="3374" status="PASS">
          <params>
            <param index="0">
              <value>
                <![CDATA[mane@gamial.com]]>
              </value>
            </param>
            <param index="1">
              <value>
                <![CDATA[222222222222]]>
              </value>
            </param>
          </params>
          <reporter-output>
          </reporter-output>
        </test-method> <!-- EnterValues -->
        <test-method is-config="true" signature="closebrowser()[pri:0, instance:testCases.LoginTestCase@21282ed8]" started-at="2023-01-19T14:37:57 IST" name="closebrowser" finished-at="2023-01-19T14:37:57 IST" duration-ms="310" status="PASS">
          <reporter-output>
          </reporter-output>
        </test-method> <!-- closebrowser -->
      </class> <!-- testCases.LoginTestCase -->
      <class name="testCases.RegisterTestcase">
        <test-method is-config="true" signature="launch()[pri:0, instance:testCases.RegisterTestcase@550dbc7a]" started-at="2023-01-19T14:37:31 IST" name="launch" finished-at="2023-01-19T14:37:34 IST" duration-ms="3074" status="PASS">
          <reporter-output>
          </reporter-output>
        </test-method> <!-- launch -->
        <test-method signature="register()[pri:0, instance:testCases.RegisterTestcase@550dbc7a]" started-at="2023-01-19T14:37:34 IST" name="register" finished-at="2023-01-19T14:37:38 IST" duration-ms="3916" status="PASS">
          <reporter-output>
          </reporter-output>
        </test-method> <!-- register -->
        <test-method is-config="true" signature="closebrowser()[pri:0, instance:testCases.RegisterTestcase@550dbc7a]" started-at="2023-01-19T14:37:38 IST" name="closebrowser" finished-at="2023-01-19T14:37:38 IST" duration-ms="295" status="PASS">
          <reporter-output>
          </reporter-output>
        </test-method> <!-- closebrowser -->
      </class> <!-- testCases.RegisterTestcase -->
    </test> <!-- Test -->
  </suite> <!-- Suite -->
</testng-results>
